<?xml version="1.0" encoding="UTF-8"?>
<testsuite xmlns:xsi="http://www.w3.org/2001/XMLSchema-instance" xsi:noNamespaceSchemaLocation="https://maven.apache.org/surefire/maven-surefire-plugin/xsd/surefire-test-report-3.0.xsd" version="3.0" name="password.PasswordValidatorTest" time="0.003" tests="7" errors="0" skipped="0" failures="0">
  <properties>
[...]
</properties>
  <testcase name="testEmptyPassword" classname="password.PasswordValidatorTest" time="0.0"/>
  <testcase name="testValidPassword" classname="password.PasswordValidatorTest" time="0.001"/>
  <testcase name="testMissingUppercase" classname="password.PasswordValidatorTest" time="0.0"/>
  <testcase name="testMissingLowercase" classname="password.PasswordValidatorTest" time="0.001"/>
  <testcase name="testMissingDigit" classname="password.PasswordValidatorTest" time="0.0"/>
  <testcase name="testMissingSpecial" classname="password.PasswordValidatorTest" time="0.001"/>
  <testcase name="testTooShortPassword" classname="password.PasswordValidatorTest" time="0.0"/>
</testsuite>